{"message":"Connected to MongoDB successfully","level":"info","service":"user-service"}
{"message":"Connected to MongoDB successfully","level":"info","service":"user-service"}
{"message":"Connected to MongoDB successfully","level":"info","service":"user-service"}
{"message":"Connected to MongoDB successfully","level":"info","service":"user-service"}
{"message":"Connected to MongoDB successfully","level":"info","service":"user-service"}
{"message":"Listening on port 5000 ...","level":"info"}
{"message":"Listening on port 5000 ...","level":"info"}
{"message":"Listening on port 5000 ...","level":"info"}
{"message":"Listening on port 5000 ...","level":"info"}
{"message":"Listening on port 5000 ...","level":"info"}
{"message":"Listening on port 5000 ...","level":"info"}
{"message":"Listening on port 5000 ...","level":"info"}
{"message":"Listening on port 5000 ...","level":"info"}
{"message":"Connected to MongoDB successfully","level":"info"}
{"message":"Listening on port 5000 ...","level":"info"}
{"message":"Listening on port 5000 ...","level":"info"}
{"message":"Listening on port 5000 ...","level":"info"}
{"message":"Listening on port 5000 ...","level":"info"}
{"message":"Listening on port 5000 ...","level":"info"}
{"message":"Listening on port 5000 ...","level":"info"}
{"message":"Listening on port 5000 ...","level":"info"}
{"message":"Listening on port 5000 ...","level":"info"}
{"message":"Listening on port 5000 ...","level":"info"}
{"message":"Listening on port 5000 ...","level":"info"}
{"message":"Listening on port 5000 ...","level":"info"}
{"message":"Listening on port 5000 ...","level":"info"}
{"message":"Listening on port 5000 ...","level":"info"}
{"message":"Listening on port 5000 ...","level":"info"}
{"message":"Listening on port 5000 ...","level":"info"}
{"message":"Listening on port 5000 ...","level":"info"}
{"message":"Listening on port 5000 ...","level":"info"}
{"message":"Listening on port 5000 ...","level":"info"}
{"message":"Connected to MongoDB successfully","level":"info"}
{"message":"Connected to MongoDB successfully","level":"info"}
{"message":"Listening on port 5000 ...","level":"info"}
{"message":"Connected to MongoDB successfully","level":"info"}
{"message":"Listening on port 5000 ...","level":"info"}
{"message":"Connected to MongoDB successfully","level":"info"}
{"message":"Listening on port 5000 ...","level":"info"}
{"message":"Connected to MongoDB successfully","level":"info"}
{"message":"Listening on port 5000 ...","level":"info"}
{"message":"Connected to MongoDB successfully","level":"info"}
{"message":"Listening on port 5000 ...","level":"info"}
{"message":"Connected to MongoDB successfully","level":"info"}
{"level":"error"}
{"message":"Listening on port 5000 ...","level":"info"}
{"message":"Connected to MongoDB successfully","level":"info"}
{"message":"Listening on port 5000 ...","level":"info"}
{"message":"Connected to MongoDB successfully","level":"info"}
{"message":"Listening on port 5000 ...","level":"info"}
{"message":"Connected to MongoDB successfully","level":"info"}
{"level":"error"}
{"message":"Listening on port 5000 ...","level":"info"}
{"message":"Connected to MongoDB successfully","level":"info"}
{"level":"error","message":"whatever whatever","stack":"Error: whatever\n    at /Users/user/Documents/Team_Improve/New Project/milen_app/server/routes/User.js:16:11\n    at /Users/user/Documents/Team_Improve/New Project/milen_app/server/node_modules/express-async-errors/index.js:17:17\n    at Layer.handle [as handle_request] (/Users/user/Documents/Team_Improve/New Project/milen_app/server/node_modules/express/lib/router/layer.js:95:5)\n    at next (/Users/user/Documents/Team_Improve/New Project/milen_app/server/node_modules/express/lib/router/route.js:137:13)\n    at Route.dispatch (/Users/user/Documents/Team_Improve/New Project/milen_app/server/node_modules/express/lib/router/route.js:112:3)\n    at /Users/user/Documents/Team_Improve/New Project/milen_app/server/node_modules/express-async-errors/index.js:17:17\n    at Layer.handle [as handle_request] (/Users/user/Documents/Team_Improve/New Project/milen_app/server/node_modules/express/lib/router/layer.js:95:5)\n    at /Users/user/Documents/Team_Improve/New Project/milen_app/server/node_modules/express/lib/router/index.js:281:22\n    at Function.process_params (/Users/user/Documents/Team_Improve/New Project/milen_app/server/node_modules/express/lib/router/index.js:335:12)\n    at next (/Users/user/Documents/Team_Improve/New Project/milen_app/server/node_modules/express/lib/router/index.js:275:10)\n    at Function.handle (/Users/user/Documents/Team_Improve/New Project/milen_app/server/node_modules/express/lib/router/index.js:174:3)\n    at router (/Users/user/Documents/Team_Improve/New Project/milen_app/server/node_modules/express/lib/router/index.js:47:12)\n    at /Users/user/Documents/Team_Improve/New Project/milen_app/server/node_modules/express-async-errors/index.js:17:17\n    at Layer.handle [as handle_request] (/Users/user/Documents/Team_Improve/New Project/milen_app/server/node_modules/express/lib/router/layer.js:95:5)\n    at trim_prefix (/Users/user/Documents/Team_Improve/New Project/milen_app/server/node_modules/express/lib/router/index.js:317:13)\n    at /Users/user/Documents/Team_Improve/New Project/milen_app/server/node_modules/express/lib/router/index.js:284:7"}
{"message":"Listening on port 5000 ...","level":"info"}
{"message":"Connected to MongoDB successfully","level":"info"}
{"message":"Connected to MongoDB successfully","level":"info"}
{"message":"Listening on port 5000 ...","level":"info"}
{"message":"Connected to MongoDB successfully","level":"info"}
{"message":"Listening on port 5000 ...","level":"info"}
{"message":"Connected to MongoDB successfully","level":"info"}
{"message":"Listening on port 5000 ...","level":"info"}
{"message":"Connected to MongoDB successfully","level":"info"}
{"message":"Listening on port 5000 ...","level":"info"}
{"message":"Connected to MongoDB successfully","level":"info"}
{"level":"error","message":"whatever whatever","stack":"Error: whatever\n    at /Users/user/Documents/Team_Improve/New Project/milen_app/server/routes/User.js:16:11\n    at /Users/user/Documents/Team_Improve/New Project/milen_app/server/node_modules/express-async-errors/index.js:17:17\n    at Layer.handle [as handle_request] (/Users/user/Documents/Team_Improve/New Project/milen_app/server/node_modules/express/lib/router/layer.js:95:5)\n    at next (/Users/user/Documents/Team_Improve/New Project/milen_app/server/node_modules/express/lib/router/route.js:137:13)\n    at Route.dispatch (/Users/user/Documents/Team_Improve/New Project/milen_app/server/node_modules/express/lib/router/route.js:112:3)\n    at /Users/user/Documents/Team_Improve/New Project/milen_app/server/node_modules/express-async-errors/index.js:17:17\n    at Layer.handle [as handle_request] (/Users/user/Documents/Team_Improve/New Project/milen_app/server/node_modules/express/lib/router/layer.js:95:5)\n    at /Users/user/Documents/Team_Improve/New Project/milen_app/server/node_modules/express/lib/router/index.js:281:22\n    at Function.process_params (/Users/user/Documents/Team_Improve/New Project/milen_app/server/node_modules/express/lib/router/index.js:335:12)\n    at next (/Users/user/Documents/Team_Improve/New Project/milen_app/server/node_modules/express/lib/router/index.js:275:10)\n    at Function.handle (/Users/user/Documents/Team_Improve/New Project/milen_app/server/node_modules/express/lib/router/index.js:174:3)\n    at router (/Users/user/Documents/Team_Improve/New Project/milen_app/server/node_modules/express/lib/router/index.js:47:12)\n    at /Users/user/Documents/Team_Improve/New Project/milen_app/server/node_modules/express-async-errors/index.js:17:17\n    at Layer.handle [as handle_request] (/Users/user/Documents/Team_Improve/New Project/milen_app/server/node_modules/express/lib/router/layer.js:95:5)\n    at trim_prefix (/Users/user/Documents/Team_Improve/New Project/milen_app/server/node_modules/express/lib/router/index.js:317:13)\n    at /Users/user/Documents/Team_Improve/New Project/milen_app/server/node_modules/express/lib/router/index.js:284:7"}
{"message":"Listening on port 5000 ...","level":"info"}
{"message":"Connected to MongoDB successfully","level":"info"}
{"message":"Listening on port 5000 ...","level":"info"}
{"message":"Connected to MongoDB successfully","level":"info"}
{"message":"Listening on port 5000 ...","level":"info"}
{"message":"Connected to MongoDB successfully","level":"info"}
{"message":"Listening on port 5000 ...","level":"info"}
{"message":"Connected to MongoDB successfully","level":"info"}
{"message":"Listening on port 5000 ...","level":"info"}
{"message":"Connected to MongoDB successfully","level":"info"}
{"message":"Listening on port 5000 ...","level":"info"}
{"message":"Connected to MongoDB successfully","level":"info"}
{"message":"Listening on port 5000 ...","level":"info"}
{"message":"Connected to MongoDB successfully","level":"info"}
{"message":"Listening on port 5000 ...","level":"info"}
{"message":"Connected to MongoDB successfully","level":"info"}
{"message":"Listening on port 5000 ...","level":"info"}
{"message":"Connected to MongoDB successfully","level":"info"}
{"message":"Listening on port 5000 ...","level":"info"}
{"message":"Connected to MongoDB successfully","level":"info"}
{"message":"Listening on port 5000 ...","level":"info"}
{"message":"Connected to MongoDB successfully","level":"info"}
{"message":"Listening on port 5000 ...","level":"info"}
{"message":"Connected to MongoDB successfully","level":"info"}
{"message":"Listening on port 5000 ...","level":"info"}
{"message":"Connected to MongoDB successfully","level":"info"}
{"message":"Listening on port 5000 ...","level":"info"}
{"message":"Connected to MongoDB successfully","level":"info"}
{"message":"Listening on port 5000 ...","level":"info"}
{"message":"Connected to MongoDB successfully","level":"info"}
{"message":"Listening on port 5000 ...","level":"info"}
{"message":"Connected to MongoDB successfully","level":"info"}
{"message":"Listening on port 5000 ...","level":"info"}
{"message":"Connected to MongoDB successfully","level":"info"}
{"message":"Listening on port 5000 ...","level":"info"}
{"message":"Connected to MongoDB successfully","level":"info"}
{"message":"Listening on port 5000 ...","level":"info"}
{"message":"Connected to MongoDB successfully","level":"info"}
{"message":"Listening on port 5000 ...","level":"info"}
{"message":"Connected to MongoDB successfully","level":"info"}
{"message":"Listening on port 5000 ...","level":"info"}
{"message":"Connected to MongoDB successfully","level":"info"}
{"message":"Listening on port 5000 ...","level":"info"}
{"message":"Connected to MongoDB successfully","level":"info"}
{"message":"Listening on port 5000 ...","level":"info"}
{"message":"Connected to MongoDB successfully","level":"info"}
{"message":"Listening on port 5000 ...","level":"info"}
{"message":"Connected to MongoDB successfully","level":"info"}
{"message":"Listening on port 5000 ...","level":"info"}
{"message":"Connected to MongoDB successfully","level":"info"}
{"message":"Listening on port 5000 ...","level":"info"}
{"message":"Connected to MongoDB successfully","level":"info"}
{"message":"Listening on port 5000 ...","level":"info"}
{"message":"Connected to MongoDB successfully","level":"info"}
{"message":"Listening on port 5000 ...","level":"info"}
{"message":"Connected to MongoDB successfully","level":"info"}
{"message":"Listening on port 5000 ...","level":"info"}
{"message":"Connected to MongoDB successfully","level":"info"}
{"message":"Listening on port 5000 ...","level":"info"}
{"message":"Connected to MongoDB successfully","level":"info"}
{"message":"Listening on port 5000 ...","level":"info"}
{"message":"Connected to MongoDB successfully","level":"info"}
{"message":"Listening on port 5000 ...","level":"info"}
{"message":"Listening on port 5000 ...","level":"info"}
{"message":"Connected to MongoDB successfully","level":"info"}
{"message":"Listening on port 5000 ...","level":"info"}
{"message":"Connected to MongoDB successfully","level":"info"}
{"message":"Listening on port 5000 ...","level":"info"}
{"message":"Connected to MongoDB successfully","level":"info"}
{"message":"Listening on port 5000 ...","level":"info"}
{"message":"Connected to MongoDB successfully","level":"info"}
{"message":"Listening on port 5000 ...","level":"info"}
{"message":"Connected to MongoDB successfully","level":"info"}
{"message":"Listening on port 5000 ...","level":"info"}
{"message":"Connected to MongoDB successfully","level":"info"}
{"message":"Listening on port 5000 ...","level":"info"}
{"message":"Connected to MongoDB successfully","level":"info"}
{"message":"Listening on port 5000 ...","level":"info"}
{"message":"Connected to MongoDB successfully","level":"info"}
{"message":"Listening on port 5000 ...","level":"info"}
{"message":"Connected to MongoDB successfully","level":"info"}
{"message":"Listening on port 5000 ...","level":"info"}
{"message":"Connected to MongoDB successfully","level":"info"}
{"stringValue":"\"undefined\"","kind":"ObjectId","value":"undefined","path":"_id","reason":{},"level":"error","message":"Cast to ObjectId failed for value \"undefined\" at path \"_id\" for model \"User\" Cast to ObjectId failed for value \"undefined\" at path \"_id\" for model \"User\"","stack":"CastError: Cast to ObjectId failed for value \"undefined\" at path \"_id\" for model \"User\"\n    at model.Query.exec (/Users/user/Documents/Team_Improve/New Project/milen_app/server/node_modules/mongoose/lib/query.js:4358:21)\n    at model.Query.Query.then (/Users/user/Documents/Team_Improve/New Project/milen_app/server/node_modules/mongoose/lib/query.js:4450:15)\n    at runMicrotasks (<anonymous>)\n    at processTicksAndRejections (node:internal/process/task_queues:93:5)"}
{"stringValue":"\"undefined\"","kind":"ObjectId","value":"undefined","path":"_id","reason":{},"level":"error","message":"Cast to ObjectId failed for value \"undefined\" at path \"_id\" for model \"User\" Cast to ObjectId failed for value \"undefined\" at path \"_id\" for model \"User\"","stack":"CastError: Cast to ObjectId failed for value \"undefined\" at path \"_id\" for model \"User\"\n    at model.Query.exec (/Users/user/Documents/Team_Improve/New Project/milen_app/server/node_modules/mongoose/lib/query.js:4358:21)\n    at model.Query.Query.then (/Users/user/Documents/Team_Improve/New Project/milen_app/server/node_modules/mongoose/lib/query.js:4450:15)\n    at runMicrotasks (<anonymous>)\n    at processTicksAndRejections (node:internal/process/task_queues:93:5)"}
{"stringValue":"\"undefined\"","kind":"ObjectId","value":"undefined","path":"_id","reason":{},"level":"error","message":"Cast to ObjectId failed for value \"undefined\" at path \"_id\" for model \"User\" Cast to ObjectId failed for value \"undefined\" at path \"_id\" for model \"User\"","stack":"CastError: Cast to ObjectId failed for value \"undefined\" at path \"_id\" for model \"User\"\n    at model.Query.exec (/Users/user/Documents/Team_Improve/New Project/milen_app/server/node_modules/mongoose/lib/query.js:4358:21)\n    at model.Query.Query.then (/Users/user/Documents/Team_Improve/New Project/milen_app/server/node_modules/mongoose/lib/query.js:4450:15)\n    at runMicrotasks (<anonymous>)\n    at processTicksAndRejections (node:internal/process/task_queues:93:5)"}
{"stringValue":"\"undefined\"","kind":"ObjectId","value":"undefined","path":"_id","reason":{},"level":"error","message":"Cast to ObjectId failed for value \"undefined\" at path \"_id\" for model \"User\" Cast to ObjectId failed for value \"undefined\" at path \"_id\" for model \"User\"","stack":"CastError: Cast to ObjectId failed for value \"undefined\" at path \"_id\" for model \"User\"\n    at model.Query.exec (/Users/user/Documents/Team_Improve/New Project/milen_app/server/node_modules/mongoose/lib/query.js:4358:21)\n    at model.Query.Query.then (/Users/user/Documents/Team_Improve/New Project/milen_app/server/node_modules/mongoose/lib/query.js:4450:15)\n    at runMicrotasks (<anonymous>)\n    at processTicksAndRejections (node:internal/process/task_queues:93:5)"}
{"stringValue":"\"undefined\"","kind":"ObjectId","value":"undefined","path":"_id","reason":{},"level":"error","message":"Cast to ObjectId failed for value \"undefined\" at path \"_id\" for model \"User\" Cast to ObjectId failed for value \"undefined\" at path \"_id\" for model \"User\"","stack":"CastError: Cast to ObjectId failed for value \"undefined\" at path \"_id\" for model \"User\"\n    at model.Query.exec (/Users/user/Documents/Team_Improve/New Project/milen_app/server/node_modules/mongoose/lib/query.js:4358:21)\n    at model.Query.Query.then (/Users/user/Documents/Team_Improve/New Project/milen_app/server/node_modules/mongoose/lib/query.js:4450:15)\n    at runMicrotasks (<anonymous>)\n    at processTicksAndRejections (node:internal/process/task_queues:93:5)"}
{"stringValue":"\"undefined\"","kind":"ObjectId","value":"undefined","path":"_id","reason":{},"level":"error","message":"Cast to ObjectId failed for value \"undefined\" at path \"_id\" for model \"User\" Cast to ObjectId failed for value \"undefined\" at path \"_id\" for model \"User\"","stack":"CastError: Cast to ObjectId failed for value \"undefined\" at path \"_id\" for model \"User\"\n    at model.Query.exec (/Users/user/Documents/Team_Improve/New Project/milen_app/server/node_modules/mongoose/lib/query.js:4358:21)\n    at model.Query.Query.then (/Users/user/Documents/Team_Improve/New Project/milen_app/server/node_modules/mongoose/lib/query.js:4450:15)\n    at runMicrotasks (<anonymous>)\n    at processTicksAndRejections (node:internal/process/task_queues:93:5)"}
{"stringValue":"\"undefined\"","kind":"ObjectId","value":"undefined","path":"_id","reason":{},"level":"error","message":"Cast to ObjectId failed for value \"undefined\" at path \"_id\" for model \"User\" Cast to ObjectId failed for value \"undefined\" at path \"_id\" for model \"User\"","stack":"CastError: Cast to ObjectId failed for value \"undefined\" at path \"_id\" for model \"User\"\n    at model.Query.exec (/Users/user/Documents/Team_Improve/New Project/milen_app/server/node_modules/mongoose/lib/query.js:4358:21)\n    at model.Query.Query.then (/Users/user/Documents/Team_Improve/New Project/milen_app/server/node_modules/mongoose/lib/query.js:4450:15)\n    at runMicrotasks (<anonymous>)\n    at processTicksAndRejections (node:internal/process/task_queues:93:5)"}
{"stringValue":"\"undefined\"","kind":"ObjectId","value":"undefined","path":"_id","reason":{},"level":"error","message":"Cast to ObjectId failed for value \"undefined\" at path \"_id\" for model \"User\" Cast to ObjectId failed for value \"undefined\" at path \"_id\" for model \"User\"","stack":"CastError: Cast to ObjectId failed for value \"undefined\" at path \"_id\" for model \"User\"\n    at model.Query.exec (/Users/user/Documents/Team_Improve/New Project/milen_app/server/node_modules/mongoose/lib/query.js:4358:21)\n    at model.Query.Query.then (/Users/user/Documents/Team_Improve/New Project/milen_app/server/node_modules/mongoose/lib/query.js:4450:15)\n    at runMicrotasks (<anonymous>)\n    at processTicksAndRejections (node:internal/process/task_queues:93:5)"}
{"stringValue":"\"undefined\"","kind":"ObjectId","value":"undefined","path":"_id","reason":{},"level":"error","message":"Cast to ObjectId failed for value \"undefined\" at path \"_id\" for model \"User\" Cast to ObjectId failed for value \"undefined\" at path \"_id\" for model \"User\"","stack":"CastError: Cast to ObjectId failed for value \"undefined\" at path \"_id\" for model \"User\"\n    at model.Query.exec (/Users/user/Documents/Team_Improve/New Project/milen_app/server/node_modules/mongoose/lib/query.js:4358:21)\n    at model.Query.Query.then (/Users/user/Documents/Team_Improve/New Project/milen_app/server/node_modules/mongoose/lib/query.js:4450:15)\n    at runMicrotasks (<anonymous>)\n    at processTicksAndRejections (node:internal/process/task_queues:93:5)"}
{"stringValue":"\"undefined\"","kind":"ObjectId","value":"undefined","path":"_id","reason":{},"level":"error","message":"Cast to ObjectId failed for value \"undefined\" at path \"_id\" for model \"User\" Cast to ObjectId failed for value \"undefined\" at path \"_id\" for model \"User\"","stack":"CastError: Cast to ObjectId failed for value \"undefined\" at path \"_id\" for model \"User\"\n    at model.Query.exec (/Users/user/Documents/Team_Improve/New Project/milen_app/server/node_modules/mongoose/lib/query.js:4358:21)\n    at model.Query.Query.then (/Users/user/Documents/Team_Improve/New Project/milen_app/server/node_modules/mongoose/lib/query.js:4450:15)\n    at runMicrotasks (<anonymous>)\n    at processTicksAndRejections (node:internal/process/task_queues:93:5)"}
{"stringValue":"\"undefined\"","kind":"ObjectId","value":"undefined","path":"_id","reason":{},"level":"error","message":"Cast to ObjectId failed for value \"undefined\" at path \"_id\" for model \"User\" Cast to ObjectId failed for value \"undefined\" at path \"_id\" for model \"User\"","stack":"CastError: Cast to ObjectId failed for value \"undefined\" at path \"_id\" for model \"User\"\n    at model.Query.exec (/Users/user/Documents/Team_Improve/New Project/milen_app/server/node_modules/mongoose/lib/query.js:4358:21)\n    at model.Query.Query.then (/Users/user/Documents/Team_Improve/New Project/milen_app/server/node_modules/mongoose/lib/query.js:4450:15)\n    at runMicrotasks (<anonymous>)\n    at processTicksAndRejections (node:internal/process/task_queues:93:5)"}
{"message":"Listening on port 5000 ...","level":"info"}
{"message":"Connected to MongoDB successfully","level":"info"}
{"message":"Listening on port 5000 ...","level":"info"}
{"message":"Connected to MongoDB successfully","level":"info"}
{"message":"Listening on port 5000 ...","level":"info"}
{"message":"Connected to MongoDB successfully","level":"info"}
{"message":"Listening on port 5000 ...","level":"info"}
{"message":"Connected to MongoDB successfully","level":"info"}
